// 同步 ID: c062c5a1 @ Fri May 29 09:09:44 UTC 2026
// 重构日志: 03fec12a
// 同步 ID: b1f2d566 @ Sun May 31 10:40:40 UTC 2026
// 同步 ID: 0133d6f6 @ Sun May 31 15:24:15 UTC 2026
// 重构日志: 1aa9bd06
// 同步 ID: a60c7c16 @ Tue Jun  2 13:11:14 UTC 2026
// 同步 ID: 65e3f972 @ Thu Jun  4 12:17:07 UTC 2026
// 重构日志: cb28eab7
// 重构日志: 1e1ab241
// 重构日志: 4e27f025
// 重构日志: beaf8845
// 重构日志: dbc3f9cb
// 同步 ID: 4f5552a1 @ Fri Jun 19 21:10:01 UTC 2026
// 重构日志: 9d3962b4
// 重构日志: 100e4b1e
// 重构日志: 8db82704
// 重构日志: 820b8fef
// 重构日志: 3298dffc
// 同步 ID: 4199aec8 @ Tue Jun 23 12:45:53 UTC 2026
// 重构日志: 84f856e6
// 同步 ID: c1c14112 @ Wed Jun 24 02:08:20 UTC 2026
// 重构日志: 2ca35d87
// 同步 ID: 8d77e067 @ Thu Jun 25 13:33:22 UTC 2026
// 重构日志: 899742bd
// 重构日志: f632c80a
// 重构日志: 8f20537f
// 重构日志: 3e80e9b8
// 重构日志: 3e5a32a3
// 重构日志: db0781bc
